2016-11-21 22:32:59,832 - [INFO] [MainThread] (main:21) Program has started..
2016-11-21 22:32:59,832 - [INFO] [MainThread] (main:24) Scanning for devices...
2016-11-21 22:33:09,860 - [INFO] [MainThread] (main:28) Device 78:bd:bc:cf:61:99 (public), RSSI=-74 dB
2016-11-21 22:33:09,862 - [INFO] [MainThread] (main:28) Device a0:14:3d:84:1b:34 (public), RSSI=-43 dB
2016-11-21 22:33:09,863 - [INFO] [MainThread] (main:31) Found device match...
2016-11-21 22:33:09,864 - [INFO] [MainThread] (main:28) Device c4:be:84:28:89:4a (public), RSSI=-54 dB
2016-11-21 22:33:09,864 - [DEBUG] [MainThread] (main:51) Not connectable at the moment: c4:be:84:28:89:4a
2016-11-21 22:33:09,865 - [INFO] [MainThread] (main:60) MERGED: defaultdict(<class 'dict'>, {'sn1': {'parrot_addr': 'a0:14:3d:84:1b:34', 'bluno_addr': 'c4:be:84:28:89:4a'}})
2016-11-21 22:33:32,154 - [INFO] [MainThread] (main:21) Program has started..
2016-11-21 22:33:32,155 - [INFO] [MainThread] (main:24) Scanning for devices...
2016-11-21 22:33:42,175 - [INFO] [MainThread] (main:28) Device c4:be:84:28:89:4a (public), RSSI=-50 dB
2016-11-21 22:33:42,176 - [INFO] [MainThread] (main:31) Found device match...
2016-11-21 22:33:42,177 - [INFO] [MainThread] (main:35) Match: BLUNO
2016-11-21 22:33:42,178 - [INFO] [MainThread] (bluno_ble:97) Attempting to connect to sn1_bluno [c4:be:84:28:89:4a]
2016-11-21 22:33:43,186 - [INFO] [MainThread] (bluno_ble:110) Connected.
2016-11-21 22:36:23,021 - [INFO] [MainThread] (main:21) Program has started..
2016-11-21 22:36:23,022 - [INFO] [MainThread] (main:24) Scanning for devices...
2016-11-21 22:36:33,036 - [INFO] [MainThread] (main:28) Device a0:14:3d:84:1b:34 (public), RSSI=-37 dB
2016-11-21 22:36:33,037 - [INFO] [MainThread] (main:31) Found device match...
2016-11-21 22:36:33,038 - [INFO] [MainThread] (main:28) Device 78:bd:bc:d4:14:d3 (public), RSSI=-99 dB
2016-11-21 22:36:33,039 - [INFO] [MainThread] (main:28) Device c4:be:84:28:89:4a (public), RSSI=-53 dB
2016-11-21 22:36:33,040 - [INFO] [MainThread] (main:31) Found device match...
2016-11-21 22:36:33,041 - [INFO] [MainThread] (main:35) Match: BLUNO
2016-11-21 22:36:33,042 - [INFO] [MainThread] (bluno_ble:97) Attempting to connect to sn1_bluno [c4:be:84:28:89:4a]
2016-11-21 22:36:34,754 - [INFO] [MainThread] (bluno_ble:110) Connected.
2016-11-21 22:41:16,839 - [INFO] [MainThread] (main:21) Program has started..
2016-11-21 22:41:16,840 - [INFO] [MainThread] (main:24) Scanning for devices...
2016-11-21 22:41:26,858 - [INFO] [MainThread] (main:28) Device c4:be:84:28:89:4a (public), RSSI=-55 dB
2016-11-21 22:41:26,859 - [DEBUG] [MainThread] (main:51) Not connectable at the moment: c4:be:84:28:89:4a
2016-11-21 22:41:26,861 - [INFO] [MainThread] (main:28) Device a0:14:3d:84:1b:34 (public), RSSI=-44 dB
2016-11-21 22:41:26,862 - [DEBUG] [MainThread] (main:51) Not connectable at the moment: a0:14:3d:84:1b:34
2016-11-21 22:41:26,863 - [INFO] [MainThread] (main:28) Device 78:bd:bc:cf:61:99 (public), RSSI=-90 dB
2016-11-21 22:41:26,865 - [INFO] [MainThread] (main:60) MERGED: defaultdict(<class 'dict'>, {'sn1': {'bluno_addr': 'c4:be:84:28:89:4a', 'parrot_addr': 'a0:14:3d:84:1b:34'}})
2016-11-21 22:41:46,815 - [INFO] [MainThread] (main:21) Program has started..
2016-11-21 22:41:46,816 - [INFO] [MainThread] (main:24) Scanning for devices...
2016-11-21 22:41:56,838 - [INFO] [MainThread] (main:28) Device 78:bd:bc:cf:61:99 (public), RSSI=-79 dB
2016-11-21 22:41:56,839 - [INFO] [MainThread] (main:28) Device c4:be:84:28:89:4a (public), RSSI=-50 dB
2016-11-21 22:41:56,841 - [INFO] [MainThread] (main:31) Found device match...
2016-11-21 22:41:56,842 - [INFO] [MainThread] (main:35) Match: BLUNO
2016-11-21 22:41:56,844 - [INFO] [MainThread] (bluno_ble:97) Attempting to connect to sn1_bluno [c4:be:84:28:89:4a]
2016-11-21 22:41:57,923 - [INFO] [MainThread] (bluno_ble:110) Connected.
2016-11-21 22:42:03,226 - [INFO] [MainThread] (main:60) MERGED: defaultdict(<class 'dict'>, {'sn1': {'BL_TIMESTAMP': '2016-11-21 22:42:03', 'parrot_addr': 'a0:14:3d:84:1b:34', 'PH': None, 'bluno_addr': 'c4:be:84:28:89:4a'}})
2016-11-21 22:43:51,110 - [INFO] [MainThread] (main:21) Program has started..
2016-11-21 22:43:51,110 - [INFO] [MainThread] (main:24) Scanning for devices...
2016-11-21 22:44:01,131 - [INFO] [MainThread] (main:28) Device a0:14:3d:84:1b:34 (public), RSSI=-44 dB
2016-11-21 22:44:01,133 - [INFO] [MainThread] (main:31) Found device match...
2016-11-21 22:44:01,134 - [INFO] [MainThread] (main:28) Device c4:be:84:28:89:4a (public), RSSI=-50 dB
2016-11-21 22:44:01,134 - [DEBUG] [MainThread] (main:51) Not connectable at the moment: c4:be:84:28:89:4a
2016-11-21 22:44:01,135 - [INFO] [MainThread] (main:28) Device 78:bd:bc:cf:61:99 (public), RSSI=-82 dB
2016-11-21 22:44:01,136 - [INFO] [MainThread] (main:60) MERGED: defaultdict(<class 'dict'>, {'sn1': {'bluno_addr': 'c4:be:84:28:89:4a', 'parrot_addr': 'a0:14:3d:84:1b:34'}})
2016-11-21 22:44:13,420 - [INFO] [MainThread] (main:21) Program has started..
2016-11-21 22:44:13,421 - [INFO] [MainThread] (main:24) Scanning for devices...
2016-11-21 22:44:23,438 - [INFO] [MainThread] (main:28) Device a0:14:3d:84:1b:34 (public), RSSI=-45 dB
2016-11-21 22:44:23,439 - [DEBUG] [MainThread] (main:51) Not connectable at the moment: a0:14:3d:84:1b:34
2016-11-21 22:44:23,440 - [INFO] [MainThread] (main:28) Device 78:bd:bc:cf:61:99 (public), RSSI=-79 dB
2016-11-21 22:44:23,440 - [INFO] [MainThread] (main:28) Device c4:be:84:28:89:4a (public), RSSI=-53 dB
2016-11-21 22:44:23,441 - [DEBUG] [MainThread] (main:51) Not connectable at the moment: c4:be:84:28:89:4a
2016-11-21 22:44:23,442 - [INFO] [MainThread] (main:60) MERGED: defaultdict(<class 'dict'>, {'sn1': {'bluno_addr': 'c4:be:84:28:89:4a', 'parrot_addr': 'a0:14:3d:84:1b:34'}})
2016-11-21 22:44:37,841 - [INFO] [MainThread] (main:21) Program has started..
2016-11-21 22:44:37,841 - [INFO] [MainThread] (main:24) Scanning for devices...
2016-11-21 22:44:47,863 - [INFO] [MainThread] (main:28) Device a0:14:3d:84:1b:34 (public), RSSI=-42 dB
2016-11-21 22:44:47,864 - [INFO] [MainThread] (main:31) Found device match...
2016-11-21 22:44:47,865 - [INFO] [MainThread] (main:28) Device c4:be:84:28:89:4a (public), RSSI=-58 dB
2016-11-21 22:44:47,866 - [INFO] [MainThread] (main:31) Found device match...
2016-11-21 22:44:47,867 - [INFO] [MainThread] (main:35) Match: BLUNO
2016-11-21 22:44:47,868 - [INFO] [MainThread] (bluno_ble:97) Attempting to connect to sn1_bluno [c4:be:84:28:89:4a]
2016-11-21 22:44:49,679 - [INFO] [MainThread] (bluno_ble:110) Connected.
2016-11-21 22:53:55,144 - [INFO] [MainThread] (main:21) Program has started..
2016-11-21 22:53:55,144 - [INFO] [MainThread] (main:24) Scanning for devices...
2016-11-21 22:54:05,166 - [INFO] [MainThread] (main:28) Device a0:14:3d:84:1b:34 (public), RSSI=-45 dB
2016-11-21 22:54:05,168 - [INFO] [MainThread] (main:31) Found device match...
2016-11-21 22:54:05,168 - [INFO] [MainThread] (main:28) Device 78:bd:bc:cf:61:99 (public), RSSI=-79 dB
2016-11-21 22:54:05,169 - [INFO] [MainThread] (main:28) Device c4:be:84:28:89:4a (public), RSSI=-44 dB
2016-11-21 22:54:05,170 - [DEBUG] [MainThread] (main:51) Not connectable at the moment: c4:be:84:28:89:4a
2016-11-21 22:54:05,171 - [INFO] [MainThread] (main:60) MERGED: defaultdict(<class 'dict'>, {'sn1': {'parrot_addr': 'a0:14:3d:84:1b:34', 'bluno_addr': 'c4:be:84:28:89:4a'}})
2016-11-21 22:54:13,597 - [INFO] [MainThread] (main:21) Program has started..
2016-11-21 22:54:13,597 - [INFO] [MainThread] (main:24) Scanning for devices...
2016-11-21 22:54:23,614 - [INFO] [MainThread] (main:28) Device c4:be:84:28:89:4a (public), RSSI=-46 dB
2016-11-21 22:54:23,616 - [INFO] [MainThread] (main:31) Found device match...
2016-11-21 22:54:23,617 - [INFO] [MainThread] (main:35) Match: BLUNO
2016-11-21 22:54:23,619 - [INFO] [MainThread] (bluno_ble:97) Attempting to connect to sn1_bluno [c4:be:84:28:89:4a]
2016-11-21 22:54:26,494 - [INFO] [MainThread] (bluno_ble:110) Connected.
2016-11-21 22:55:28,618 - [INFO] [MainThread] (main:21) Program has started..
2016-11-21 22:55:28,619 - [INFO] [MainThread] (main:24) Scanning for devices...
2016-11-21 22:55:38,642 - [INFO] [MainThread] (main:28) Device a0:14:3d:84:1b:34 (public), RSSI=-46 dB
2016-11-21 22:55:38,643 - [INFO] [MainThread] (main:31) Found device match...
2016-11-21 22:55:38,644 - [INFO] [MainThread] (main:28) Device c4:be:84:28:89:4a (public), RSSI=-45 dB
2016-11-21 22:55:38,645 - [INFO] [MainThread] (main:31) Found device match...
2016-11-21 22:55:38,646 - [INFO] [MainThread] (main:35) Match: BLUNO
2016-11-21 22:55:38,647 - [INFO] [MainThread] (bluno_ble:97) Attempting to connect to sn1_bluno [c4:be:84:28:89:4a]
2016-11-21 22:55:40,239 - [INFO] [MainThread] (bluno_ble:110) Connected.
2016-11-21 22:56:09,878 - [INFO] [MainThread] (main:21) Program has started..
2016-11-21 22:56:09,879 - [INFO] [MainThread] (main:24) Scanning for devices...
2016-11-21 22:56:19,897 - [INFO] [MainThread] (main:28) Device c4:be:84:28:89:4a (public), RSSI=-45 dB
2016-11-21 22:56:19,899 - [INFO] [MainThread] (main:31) Found device match...
2016-11-21 22:56:19,900 - [INFO] [MainThread] (main:35) Match: BLUNO
2016-11-21 22:56:19,901 - [INFO] [MainThread] (bluno_ble:97) Attempting to connect to sn1_bluno [c4:be:84:28:89:4a]
2016-11-21 22:56:21,017 - [INFO] [MainThread] (bluno_ble:110) Connected.
2016-11-21 22:58:53,130 - [INFO] [MainThread] (main:21) Program has started..
2016-11-21 22:58:53,131 - [INFO] [MainThread] (main:24) Scanning for devices...
2016-11-21 22:59:03,150 - [INFO] [MainThread] (main:28) Device 78:bd:bc:cf:61:99 (public), RSSI=-93 dB
2016-11-21 22:59:03,152 - [INFO] [MainThread] (main:28) Device a0:14:3d:84:1b:34 (public), RSSI=-47 dB
2016-11-21 22:59:03,153 - [INFO] [MainThread] (main:31) Found device match...
2016-11-21 22:59:03,154 - [INFO] [MainThread] (main:28) Device c4:be:84:28:89:4a (public), RSSI=-46 dB
2016-11-21 22:59:03,154 - [INFO] [MainThread] (main:31) Found device match...
2016-11-21 22:59:03,155 - [INFO] [MainThread] (main:35) Match: BLUNO
2016-11-21 22:59:03,156 - [INFO] [MainThread] (bluno_ble:98) Attempting to connect to sn1_bluno [c4:be:84:28:89:4a]
2016-11-21 22:59:04,581 - [INFO] [MainThread] (bluno_ble:111) Connected.
2016-11-21 23:00:04,338 - [INFO] [MainThread] (main:21) Program has started..
2016-11-21 23:00:04,340 - [INFO] [MainThread] (main:24) Scanning for devices...
2016-11-21 23:00:14,361 - [INFO] [MainThread] (main:28) Device 78:bd:bc:cf:61:99 (public), RSSI=-77 dB
2016-11-21 23:00:14,363 - [INFO] [MainThread] (main:28) Device c4:be:84:28:89:4a (public), RSSI=-45 dB
2016-11-21 23:00:14,364 - [INFO] [MainThread] (main:31) Found device match...
2016-11-21 23:00:14,365 - [INFO] [MainThread] (main:35) Match: BLUNO
2016-11-21 23:00:14,366 - [INFO] [MainThread] (bluno_ble:99) Attempting to connect to sn1_bluno [c4:be:84:28:89:4a]
2016-11-21 23:00:15,171 - [INFO] [MainThread] (bluno_ble:112) Connected.
2016-11-21 23:05:36,320 - [INFO] [MainThread] (main:21) Program has started..
2016-11-21 23:05:36,320 - [INFO] [MainThread] (main:24) Scanning for devices...
2016-11-21 23:05:46,337 - [INFO] [MainThread] (main:28) Device 78:bd:bc:cf:61:99 (public), RSSI=-80 dB
2016-11-21 23:05:46,338 - [INFO] [MainThread] (main:28) Device c4:be:84:28:89:4a (public), RSSI=-44 dB
2016-11-21 23:05:46,340 - [INFO] [MainThread] (main:31) Found device match...
2016-11-21 23:05:46,341 - [INFO] [MainThread] (main:35) Match: BLUNO
2016-11-21 23:05:46,342 - [INFO] [MainThread] (bluno_ble:103) Attempting to connect to sn1_bluno [c4:be:84:28:89:4a]
2016-11-21 23:05:48,627 - [INFO] [MainThread] (bluno_ble:116) Connected.
2016-11-21 23:05:49,907 - [INFO] [MainThread] (bluno_ble:51) Bluno: Request to undeploy
2016-11-21 23:05:50,986 - [INFO] [MainThread] (bluno_ble:54) Bluno: Undeployed
2016-11-21 23:05:51,930 - [INFO] [MainThread] (bluno_ble:57) Bluno: Deployed
2016-11-21 23:05:52,541 - [INFO] [MainThread] (main:28) Device a0:14:3d:84:1b:34 (public), RSSI=-50 dB
2016-11-21 23:05:52,543 - [DEBUG] [MainThread] (main:51) Not connectable at the moment: a0:14:3d:84:1b:34
2016-11-21 23:05:52,544 - [INFO] [MainThread] (main:60) MERGED: defaultdict(<class 'dict'>, {'sn1': {'parrot_addr': 'a0:14:3d:84:1b:34', 'BL_TIMESTAMP': '2016-11-21 23:05:52', 'bluno_addr': 'c4:be:84:28:89:4a', 'PH': None}})
2016-11-21 23:16:11,552 - [INFO] [MainThread] (main:21) Program has started..
2016-11-21 23:16:11,553 - [INFO] [MainThread] (main:24) Scanning for devices...
2016-11-21 23:16:21,568 - [INFO] [MainThread] (main:28) Device c4:be:84:28:89:4a (public), RSSI=-61 dB
2016-11-21 23:16:21,569 - [INFO] [MainThread] (main:31) Found device match...
2016-11-21 23:16:21,570 - [INFO] [MainThread] (main:35) Match: BLUNO
2016-11-21 23:16:21,571 - [INFO] [MainThread] (bluno_ble:106) Attempting to connect to sn1_bluno [c4:be:84:28:89:4a]
2016-11-21 23:16:22,338 - [INFO] [MainThread] (bluno_ble:119) Connected.
2016-11-21 23:16:23,683 - [INFO] [MainThread] (bluno_ble:57) Bluno: Deployed
2016-11-21 23:17:03,136 - [INFO] [MainThread] (main:21) Program has started..
2016-11-21 23:17:03,136 - [INFO] [MainThread] (main:24) Scanning for devices...
2016-11-21 23:17:13,157 - [INFO] [MainThread] (main:28) Device c4:be:84:28:89:4a (public), RSSI=-60 dB
2016-11-21 23:17:13,159 - [DEBUG] [MainThread] (main:51) Not connectable at the moment: c4:be:84:28:89:4a
2016-11-21 23:17:13,159 - [INFO] [MainThread] (main:28) Device 78:bd:bc:cf:61:99 (public), RSSI=-98 dB
2016-11-21 23:17:13,160 - [INFO] [MainThread] (main:60) MERGED: defaultdict(<class 'dict'>, {'sn1': {'bluno_addr': 'c4:be:84:28:89:4a', 'parrot_addr': 'a0:14:3d:84:1b:34'}})
2016-11-21 23:17:36,345 - [INFO] [MainThread] (main:21) Program has started..
2016-11-21 23:17:36,346 - [INFO] [MainThread] (main:24) Scanning for devices...
2016-11-21 23:17:46,360 - [INFO] [MainThread] (main:28) Device 78:bd:bc:cf:61:99 (public), RSSI=-86 dB
2016-11-21 23:17:46,361 - [INFO] [MainThread] (main:28) Device 78:bd:bc:d4:14:d3 (public), RSSI=-103 dB
2016-11-21 23:17:46,362 - [INFO] [MainThread] (main:28) Device c4:be:84:28:89:4a (public), RSSI=-35 dB
2016-11-21 23:17:46,363 - [INFO] [MainThread] (main:31) Found device match...
2016-11-21 23:17:46,364 - [INFO] [MainThread] (main:35) Match: BLUNO
2016-11-21 23:17:46,365 - [INFO] [MainThread] (bluno_ble:107) Attempting to connect to sn1_bluno [c4:be:84:28:89:4a]
2016-11-21 23:17:47,307 - [INFO] [MainThread] (bluno_ble:120) Connected.
2016-11-21 23:17:48,382 - [INFO] [MainThread] (bluno_ble:58) Bluno: Deployed
2016-11-21 23:23:03,634 - [INFO] [MainThread] (main:21) Program has started..
2016-11-21 23:23:03,635 - [INFO] [MainThread] (main:24) Scanning for devices...
2016-11-21 23:23:13,655 - [INFO] [MainThread] (main:28) Device 78:bd:bc:cf:61:99 (public), RSSI=-76 dB
2016-11-21 23:23:13,656 - [INFO] [MainThread] (main:28) Device a0:14:3d:84:1b:34 (public), RSSI=-41 dB
2016-11-21 23:23:13,658 - [INFO] [MainThread] (main:31) Found device match...
2016-11-21 23:23:13,659 - [INFO] [MainThread] (main:28) Device c4:be:84:28:89:4a (public), RSSI=-58 dB
2016-11-21 23:23:13,660 - [INFO] [MainThread] (main:31) Found device match...
2016-11-21 23:23:13,661 - [INFO] [MainThread] (main:35) Match: BLUNO
2016-11-21 23:23:13,663 - [INFO] [MainThread] (bluno_ble:107) Attempting to connect to sn1_bluno [c4:be:84:28:89:4a]
2016-11-21 23:23:15,488 - [INFO] [MainThread] (bluno_ble:120) Connected.
2016-11-21 23:23:16,768 - [INFO] [MainThread] (bluno_ble:52) Bluno: Request to undeploy
2016-11-21 23:23:53,870 - [INFO] [MainThread] (main:21) Program has started..
2016-11-21 23:23:53,870 - [INFO] [MainThread] (main:24) Scanning for devices...
2016-11-21 23:24:03,888 - [INFO] [MainThread] (main:28) Device c4:be:84:28:89:4a (public), RSSI=-48 dB
2016-11-21 23:24:03,889 - [INFO] [MainThread] (main:31) Found device match...
2016-11-21 23:24:03,890 - [INFO] [MainThread] (main:35) Match: BLUNO
2016-11-21 23:24:03,891 - [INFO] [MainThread] (bluno_ble:107) Attempting to connect to sn1_bluno [c4:be:84:28:89:4a]
2016-11-21 23:24:04,712 - [INFO] [MainThread] (bluno_ble:120) Connected.
2016-11-21 23:24:46,812 - [INFO] [MainThread] (main:21) Program has started..
2016-11-21 23:24:46,813 - [INFO] [MainThread] (main:24) Scanning for devices...
2016-11-21 23:24:56,832 - [INFO] [MainThread] (main:28) Device 78:bd:bc:cf:61:99 (public), RSSI=-88 dB
2016-11-21 23:24:56,834 - [INFO] [MainThread] (main:28) Device a0:14:3d:84:1b:34 (public), RSSI=-45 dB
2016-11-21 23:24:56,835 - [INFO] [MainThread] (main:31) Found device match...
2016-11-21 23:24:56,836 - [INFO] [MainThread] (main:28) Device c4:be:84:28:89:4a (public), RSSI=-59 dB
2016-11-21 23:24:56,837 - [INFO] [MainThread] (main:31) Found device match...
2016-11-21 23:24:56,839 - [INFO] [MainThread] (main:35) Match: BLUNO
2016-11-21 23:24:56,840 - [INFO] [MainThread] (bluno_ble:108) Attempting to connect to sn1_bluno [c4:be:84:28:89:4a]
2016-11-21 23:24:57,645 - [INFO] [MainThread] (bluno_ble:121) Connected.
2016-11-21 23:29:11,023 - [INFO] [MainThread] (main:21) Program has started..
2016-11-21 23:29:11,024 - [INFO] [MainThread] (main:24) Scanning for devices...
2016-11-21 23:29:21,043 - [INFO] [MainThread] (main:28) Device c4:be:84:28:89:4a (public), RSSI=-54 dB
2016-11-21 23:29:21,044 - [DEBUG] [MainThread] (main:51) Not connectable at the moment: c4:be:84:28:89:4a
2016-11-21 23:29:21,045 - [INFO] [MainThread] (main:28) Device a0:14:3d:84:1b:34 (public), RSSI=-43 dB
2016-11-21 23:29:21,046 - [INFO] [MainThread] (main:31) Found device match...
2016-11-21 23:29:21,047 - [INFO] [MainThread] (main:28) Device 78:bd:bc:cf:61:99 (public), RSSI=-76 dB
2016-11-21 23:29:21,048 - [INFO] [MainThread] (main:60) MERGED: defaultdict(<class 'dict'>, {'sn1': {'parrot_addr': 'a0:14:3d:84:1b:34', 'bluno_addr': 'c4:be:84:28:89:4a'}})
2016-11-21 23:29:28,406 - [INFO] [MainThread] (main:21) Program has started..
2016-11-21 23:29:28,407 - [INFO] [MainThread] (main:24) Scanning for devices...
2016-11-21 23:29:38,433 - [INFO] [MainThread] (main:28) Device c4:be:84:28:89:4a (public), RSSI=-61 dB
2016-11-21 23:29:38,434 - [INFO] [MainThread] (main:31) Found device match...
2016-11-21 23:29:38,435 - [INFO] [MainThread] (main:35) Match: BLUNO
2016-11-21 23:29:38,436 - [INFO] [MainThread] (bluno_ble:112) Attempting to connect to sn1_bluno [c4:be:84:28:89:4a]
2016-11-21 23:29:39,281 - [INFO] [MainThread] (bluno_ble:125) Connected.
2016-11-21 23:29:40,694 - [INFO] [MainThread] (bluno_ble:53) Bluno: Request to undeploy
2016-11-21 23:29:41,909 - [INFO] [MainThread] (bluno_ble:60) Bluno: Undeployed
2016-11-21 23:33:00,414 - [INFO] [MainThread] (main:21) Program has started..
2016-11-21 23:33:00,415 - [INFO] [MainThread] (main:24) Scanning for devices...
2016-11-21 23:33:10,441 - [INFO] [MainThread] (main:28) Device a0:14:3d:84:1b:34 (public), RSSI=-35 dB
2016-11-21 23:33:10,442 - [INFO] [MainThread] (main:31) Found device match...
2016-11-21 23:33:10,443 - [INFO] [MainThread] (main:28) Device c4:be:84:28:89:4a (public), RSSI=-40 dB
2016-11-21 23:33:10,444 - [INFO] [MainThread] (main:31) Found device match...
2016-11-21 23:33:10,445 - [INFO] [MainThread] (main:35) Match: BLUNO
2016-11-21 23:33:10,446 - [INFO] [MainThread] (bluno_ble:112) Attempting to connect to sn1_bluno [c4:be:84:28:89:4a]
2016-11-21 23:33:11,391 - [INFO] [MainThread] (bluno_ble:125) Connected.
2016-11-21 23:33:12,467 - [INFO] [MainThread] (bluno_ble:53) Bluno: Request to undeploy
2016-11-21 23:33:13,547 - [INFO] [MainThread] (bluno_ble:60) Bluno: Undeployed
2016-11-21 23:35:41,036 - [INFO] [MainThread] (main:21) Program has started..
2016-11-21 23:35:41,037 - [INFO] [MainThread] (main:24) Scanning for devices...
2016-11-21 23:35:51,057 - [INFO] [MainThread] (main:28) Device 78:bd:bc:cf:61:99 (public), RSSI=-71 dB
2016-11-21 23:35:51,058 - [INFO] [MainThread] (main:28) Device c4:be:84:28:89:4a (public), RSSI=-60 dB
2016-11-21 23:35:51,059 - [INFO] [MainThread] (main:31) Found device match...
2016-11-21 23:35:51,060 - [INFO] [MainThread] (main:35) Match: BLUNO
2016-11-21 23:35:51,061 - [INFO] [MainThread] (bluno_ble:112) Attempting to connect to sn1_bluno [c4:be:84:28:89:4a]
2016-11-21 23:35:51,718 - [INFO] [MainThread] (bluno_ble:125) Connected.
2016-11-21 23:35:52,928 - [INFO] [MainThread] (bluno_ble:63) Bluno: Deployed
2016-11-21 23:36:39,724 - [INFO] [MainThread] (main:21) Program has started..
2016-11-21 23:36:39,725 - [INFO] [MainThread] (main:24) Scanning for devices...
2016-11-21 23:36:49,742 - [INFO] [MainThread] (main:28) Device a0:14:3d:84:1b:34 (public), RSSI=-66 dB
2016-11-21 23:36:49,743 - [INFO] [MainThread] (main:31) Found device match...
2016-11-21 23:36:49,744 - [INFO] [MainThread] (main:28) Device 78:bd:bc:cf:61:99 (public), RSSI=-87 dB
2016-11-21 23:36:49,745 - [INFO] [MainThread] (main:28) Device c4:be:84:28:89:4a (public), RSSI=-61 dB
2016-11-21 23:36:49,746 - [DEBUG] [MainThread] (main:51) Not connectable at the moment: c4:be:84:28:89:4a
2016-11-21 23:36:49,747 - [INFO] [MainThread] (main:60) MERGED: defaultdict(<class 'dict'>, {'sn1': {'parrot_addr': 'a0:14:3d:84:1b:34', 'bluno_addr': 'c4:be:84:28:89:4a'}})
2016-11-21 23:36:54,982 - [INFO] [MainThread] (main:21) Program has started..
2016-11-21 23:36:54,983 - [INFO] [MainThread] (main:24) Scanning for devices...
2016-11-21 23:37:05,008 - [INFO] [MainThread] (main:28) Device c4:be:84:28:89:4a (public), RSSI=-43 dB
2016-11-21 23:37:05,009 - [INFO] [MainThread] (main:31) Found device match...
2016-11-21 23:37:05,010 - [INFO] [MainThread] (main:35) Match: BLUNO
2016-11-21 23:37:05,012 - [INFO] [MainThread] (bluno_ble:114) Attempting to connect to sn1_bluno [c4:be:84:28:89:4a]
2016-11-21 23:37:06,727 - [INFO] [MainThread] (bluno_ble:127) Connected.
2016-11-21 23:37:08,005 - [INFO] [MainThread] (bluno_ble:63) Bluno: Deployed
2016-11-21 23:38:48,793 - [INFO] [MainThread] (main:21) Program has started..
2016-11-21 23:38:48,794 - [INFO] [MainThread] (main:24) Scanning for devices...
2016-11-21 23:38:58,821 - [INFO] [MainThread] (main:28) Device a0:14:3d:84:1b:34 (public), RSSI=-44 dB
2016-11-21 23:38:58,823 - [INFO] [MainThread] (main:31) Found device match...
2016-11-21 23:38:58,824 - [INFO] [MainThread] (main:28) Device c4:be:84:28:89:4a (public), RSSI=-45 dB
2016-11-21 23:38:58,824 - [INFO] [MainThread] (main:31) Found device match...
2016-11-21 23:38:58,825 - [INFO] [MainThread] (main:35) Match: BLUNO
2016-11-21 23:38:58,826 - [INFO] [MainThread] (bluno_ble:114) Attempting to connect to sn1_bluno [c4:be:84:28:89:4a]
2016-11-21 23:38:59,838 - [INFO] [MainThread] (bluno_ble:127) Connected.
2016-11-21 23:39:01,116 - [INFO] [MainThread] (bluno_ble:63) Bluno: Deployed
2016-11-21 23:44:35,886 - [INFO] [MainThread] (main:21) Program has started..
2016-11-21 23:44:35,887 - [INFO] [MainThread] (main:24) Scanning for devices...
2016-11-21 23:44:45,912 - [INFO] [MainThread] (main:28) Device 78:bd:bc:cf:61:99 (public), RSSI=-87 dB
2016-11-21 23:44:45,913 - [INFO] [MainThread] (main:28) Device a0:14:3d:84:1b:34 (public), RSSI=-44 dB
2016-11-21 23:44:45,914 - [INFO] [MainThread] (main:31) Found device match...
2016-11-21 23:44:45,915 - [INFO] [MainThread] (main:28) Device c4:be:84:28:89:4a (public), RSSI=-49 dB
2016-11-21 23:44:45,916 - [INFO] [MainThread] (main:31) Found device match...
2016-11-21 23:44:45,917 - [INFO] [MainThread] (main:35) Match: BLUNO
2016-11-21 23:44:45,918 - [INFO] [MainThread] (bluno_ble:114) Attempting to connect to sn1_bluno [c4:be:84:28:89:4a]
2016-11-21 23:44:47,841 - [INFO] [MainThread] (bluno_ble:127) Connected.
2016-11-21 23:44:48,916 - [INFO] [MainThread] (bluno_ble:63) Bluno: Deployed
2016-11-21 23:44:51,348 - [INFO] [MainThread] (bluno_ble:65) Bluno: Data Received
2016-11-21 23:44:51,354 - [INFO] [MainThread] (main:60) MERGED: defaultdict(<class 'dict'>, {'sn1': {'parrot_addr': 'a0:14:3d:84:1b:34', 'bluno_addr': 'c4:be:84:28:89:4a', 'BL_TIMESTAMP': '2016-11-21 23:44:51', 'PH': '10.30'}})
2016-11-21 23:46:20,890 - [INFO] [MainThread] (main:21) Program has started..
2016-11-21 23:46:20,892 - [INFO] [MainThread] (main:24) Scanning for devices...
2016-11-21 23:46:30,918 - [INFO] [MainThread] (main:28) Device a0:14:3d:84:1b:34 (public), RSSI=-42 dB
2016-11-21 23:46:30,920 - [INFO] [MainThread] (main:31) Found device match...
2016-11-21 23:46:30,920 - [INFO] [MainThread] (main:28) Device c4:be:84:28:89:4a (public), RSSI=-56 dB
2016-11-21 23:46:30,921 - [DEBUG] [MainThread] (main:51) Not connectable at the moment: c4:be:84:28:89:4a
2016-11-21 23:46:30,922 - [INFO] [MainThread] (main:28) Device 78:bd:bc:cf:61:99 (public), RSSI=-91 dB
2016-11-21 23:46:30,923 - [INFO] [MainThread] (main:60) MERGED: defaultdict(<class 'dict'>, {'sn1': {'bluno_addr': 'c4:be:84:28:89:4a', 'parrot_addr': 'a0:14:3d:84:1b:34'}})
2016-11-21 23:46:39,847 - [INFO] [MainThread] (main:21) Program has started..
2016-11-21 23:46:39,849 - [INFO] [MainThread] (main:24) Scanning for devices...
2016-11-21 23:46:49,877 - [INFO] [MainThread] (main:28) Device c4:be:84:28:89:4a (public), RSSI=-57 dB
2016-11-21 23:46:49,878 - [DEBUG] [MainThread] (main:51) Not connectable at the moment: c4:be:84:28:89:4a
2016-11-21 23:46:49,879 - [INFO] [MainThread] (main:28) Device a0:14:3d:84:1b:34 (public), RSSI=-42 dB
2016-11-21 23:46:49,880 - [INFO] [MainThread] (main:31) Found device match...
2016-11-21 23:46:49,881 - [INFO] [MainThread] (main:28) Device 78:bd:bc:cf:61:99 (public), RSSI=-75 dB
2016-11-21 23:46:49,882 - [INFO] [MainThread] (main:60) MERGED: defaultdict(<class 'dict'>, {'sn1': {'parrot_addr': 'a0:14:3d:84:1b:34', 'bluno_addr': 'c4:be:84:28:89:4a'}})
2016-11-21 23:46:55,454 - [INFO] [MainThread] (main:21) Program has started..
2016-11-21 23:46:55,456 - [INFO] [MainThread] (main:24) Scanning for devices...
2016-11-21 23:47:05,482 - [INFO] [MainThread] (main:28) Device 78:bd:bc:cf:61:99 (public), RSSI=-79 dB
2016-11-21 23:47:05,484 - [INFO] [MainThread] (main:28) Device c4:be:84:28:89:4a (public), RSSI=-55 dB
2016-11-21 23:47:05,484 - [DEBUG] [MainThread] (main:51) Not connectable at the moment: c4:be:84:28:89:4a
2016-11-21 23:47:05,485 - [INFO] [MainThread] (main:28) Device a0:14:3d:84:1b:34 (public), RSSI=-44 dB
2016-11-21 23:47:05,486 - [INFO] [MainThread] (main:31) Found device match...
2016-11-21 23:47:05,487 - [INFO] [MainThread] (main:60) MERGED: defaultdict(<class 'dict'>, {'sn1': {'bluno_addr': 'c4:be:84:28:89:4a', 'parrot_addr': 'a0:14:3d:84:1b:34'}})
2016-11-21 23:47:47,406 - [INFO] [MainThread] (main:21) Program has started..
2016-11-21 23:47:47,408 - [INFO] [MainThread] (main:24) Scanning for devices...
2016-11-21 23:47:57,435 - [INFO] [MainThread] (main:28) Device c4:be:84:28:89:4a (public), RSSI=-62 dB
2016-11-21 23:47:57,437 - [INFO] [MainThread] (main:31) Found device match...
2016-11-21 23:47:57,438 - [INFO] [MainThread] (main:35) Match: BLUNO
2016-11-21 23:47:57,440 - [INFO] [MainThread] (bluno_ble:114) Attempting to connect to sn1_bluno [c4:be:84:28:89:4a]
2016-11-21 23:47:58,706 - [INFO] [MainThread] (bluno_ble:127) Connected.
2016-11-21 23:47:59,916 - [INFO] [MainThread] (bluno_ble:63) Bluno: Deployed
2016-11-21 23:48:00,525 - [INFO] [MainThread] (bluno_ble:65) Bluno: Data Received
2016-11-21 23:48:00,530 - [INFO] [MainThread] (main:28) Device 78:bd:bc:cf:61:99 (public), RSSI=-89 dB
2016-11-21 23:48:00,532 - [INFO] [MainThread] (main:60) MERGED: defaultdict(<class 'dict'>, {'sn1': {'BL_TIMESTAMP': '2016-11-21 23:48:00', 'parrot_addr': 'a0:14:3d:84:1b:34', 'bluno_addr': 'c4:be:84:28:89:4a', 'PH': '10.43'}})
2016-11-21 23:49:05,556 - [INFO] [MainThread] (main:21) Program has started..
2016-11-21 23:49:05,558 - [INFO] [MainThread] (main:24) Scanning for devices...
2016-11-21 23:49:15,579 - [INFO] [MainThread] (main:28) Device c4:be:84:28:89:4a (public), RSSI=-61 dB
2016-11-21 23:49:15,581 - [INFO] [MainThread] (main:31) Found device match...
2016-11-21 23:49:15,583 - [INFO] [MainThread] (main:35) Match: BLUNO
2016-11-21 23:49:15,585 - [INFO] [MainThread] (bluno_ble:115) Attempting to connect to sn1_bluno [c4:be:84:28:89:4a]
2016-11-21 23:49:16,656 - [INFO] [MainThread] (bluno_ble:128) Connected.
2016-11-21 23:49:17,933 - [INFO] [MainThread] (bluno_ble:62) Bluno: Deployed
2016-11-21 23:49:18,474 - [INFO] [MainThread] (bluno_ble:64) Bluno: Data Received
2016-11-21 23:58:36,768 - [INFO] [MainThread] (main:21) Program has started..
2016-11-21 23:58:36,768 - [INFO] [MainThread] (main:24) Scanning for devices...
2016-11-21 23:58:46,789 - [INFO] [MainThread] (main:28) Device a0:14:3d:84:1b:34 (public), RSSI=-44 dB
2016-11-21 23:58:46,791 - [INFO] [MainThread] (main:31) Found device match...
2016-11-21 23:58:46,791 - [INFO] [MainThread] (main:28) Device c4:be:84:28:89:4a (public), RSSI=-44 dB
2016-11-21 23:58:46,792 - [INFO] [MainThread] (main:31) Found device match...
2016-11-21 23:58:46,793 - [INFO] [MainThread] (main:35) Match: BLUNO
2016-11-21 23:58:46,794 - [INFO] [MainThread] (bluno_ble:118) Attempting to connect to sn1_bluno [c4:be:84:28:89:4a]
2016-11-21 23:58:48,448 - [INFO] [MainThread] (bluno_ble:131) Connected.
2016-11-21 23:58:49,658 - [INFO] [MainThread] (bluno_ble:62) Bluno: Deployed
2016-11-21 23:58:51,819 - [INFO] [MainThread] (bluno_ble:66) Bluno: Data Received
2016-11-21 23:58:53,372 - [INFO] [MainThread] (bluno_ble:66) Bluno: Data Received
2016-11-21 23:58:54,924 - [INFO] [MainThread] (bluno_ble:66) Bluno: Data Received
2016-11-21 23:58:56,477 - [INFO] [MainThread] (bluno_ble:66) Bluno: Data Received
2016-11-21 23:58:58,029 - [INFO] [MainThread] (bluno_ble:66) Bluno: Data Received
2016-11-21 23:58:59,582 - [INFO] [MainThread] (bluno_ble:66) Bluno: Data Received
2016-11-21 23:59:01,134 - [INFO] [MainThread] (bluno_ble:66) Bluno: Data Received
2016-11-21 23:59:02,619 - [INFO] [MainThread] (bluno_ble:66) Bluno: Data Received
2016-11-21 23:59:04,104 - [INFO] [MainThread] (bluno_ble:66) Bluno: Data Received
2016-11-21 23:59:05,656 - [INFO] [MainThread] (bluno_ble:66) Bluno: Data Received
2016-11-21 23:59:07,209 - [INFO] [MainThread] (bluno_ble:66) Bluno: Data Received
2016-11-22 00:12:50,609 - [INFO] [MainThread] (main:21) Program has started..
2016-11-22 00:12:50,610 - [INFO] [MainThread] (main:24) Scanning for devices...
2016-11-22 00:13:00,638 - [INFO] [MainThread] (main:28) Device a0:14:3d:84:1b:34 (public), RSSI=-35 dB
2016-11-22 00:13:00,640 - [INFO] [MainThread] (main:31) Found device match...
2016-11-22 00:13:00,641 - [INFO] [MainThread] (main:28) Device 78:bd:bc:cf:61:99 (public), RSSI=-85 dB
2016-11-22 00:13:00,642 - [INFO] [MainThread] (main:28) Device c4:be:84:28:89:4a (public), RSSI=-46 dB
2016-11-22 00:13:00,643 - [INFO] [MainThread] (main:31) Found device match...
2016-11-22 00:13:00,645 - [INFO] [MainThread] (main:35) Match: BLUNO
2016-11-22 00:13:00,646 - [INFO] [MainThread] (bluno_ble:117) Attempting to connect to sn1_bluno [c4:be:84:28:89:4a]
2016-11-22 00:13:02,185 - [INFO] [MainThread] (bluno_ble:130) Connected.
2016-11-22 00:13:03,260 - [INFO] [MainThread] (bluno_ble:52) Bluno: Request to undeploy
2016-11-22 00:13:04,273 - [INFO] [MainThread] (bluno_ble:59) Bluno: Undeployed
2016-11-22 00:16:45,241 - [INFO] [MainThread] (main:21) Program has started..
2016-11-22 00:16:45,243 - [INFO] [MainThread] (main:24) Scanning for devices...
2016-11-22 00:16:55,270 - [INFO] [MainThread] (main:28) Device c4:be:84:28:89:4a (public), RSSI=-48 dB
2016-11-22 00:16:55,272 - [INFO] [MainThread] (main:31) Found device match...
2016-11-22 00:16:55,273 - [INFO] [MainThread] (main:35) Match: BLUNO
2016-11-22 00:16:55,274 - [INFO] [MainThread] (bluno_ble:117) Attempting to connect to sn1_bluno [c4:be:84:28:89:4a]
2016-11-22 00:16:57,104 - [INFO] [MainThread] (bluno_ble:130) Connected.
2016-11-22 00:16:58,382 - [INFO] [MainThread] (bluno_ble:52) Bluno: Request to undeploy
2016-11-22 00:19:00,298 - [INFO] [MainThread] (main:21) Program has started..
2016-11-22 00:19:00,300 - [INFO] [MainThread] (main:24) Scanning for devices...
2016-11-22 00:19:10,326 - [INFO] [MainThread] (main:28) Device a0:14:3d:84:1b:34 (public), RSSI=-37 dB
2016-11-22 00:19:10,328 - [INFO] [MainThread] (main:31) Found device match...
2016-11-22 00:19:10,330 - [INFO] [MainThread] (main:28) Device c4:be:84:28:89:4a (public), RSSI=-53 dB
2016-11-22 00:19:10,331 - [DEBUG] [MainThread] (main:51) Not connectable at the moment: c4:be:84:28:89:4a
2016-11-22 00:19:10,333 - [INFO] [MainThread] (main:28) Device 78:bd:bc:cf:61:99 (public), RSSI=-81 dB
2016-11-22 00:19:10,335 - [INFO] [MainThread] (main:60) MERGED: defaultdict(<class 'dict'>, {'sn1': {'bluno_addr': 'c4:be:84:28:89:4a', 'parrot_addr': 'a0:14:3d:84:1b:34'}})
2016-11-22 00:19:20,342 - [INFO] [MainThread] (main:21) Program has started..
2016-11-22 00:19:20,343 - [INFO] [MainThread] (main:24) Scanning for devices...
2016-11-22 00:19:30,369 - [INFO] [MainThread] (main:28) Device a0:14:3d:84:1b:34 (public), RSSI=-37 dB
2016-11-22 00:19:30,371 - [INFO] [MainThread] (main:31) Found device match...
2016-11-22 00:19:30,371 - [INFO] [MainThread] (main:28) Device c4:be:84:28:89:4a (public), RSSI=-54 dB
2016-11-22 00:19:30,372 - [INFO] [MainThread] (main:31) Found device match...
2016-11-22 00:19:30,373 - [INFO] [MainThread] (main:35) Match: BLUNO
2016-11-22 00:19:30,374 - [INFO] [MainThread] (bluno_ble:117) Attempting to connect to sn1_bluno [c4:be:84:28:89:4a]
2016-11-22 00:19:32,202 - [INFO] [MainThread] (bluno_ble:130) Connected.
2016-11-22 00:19:43,470 - [INFO] [MainThread] (bluno_ble:62) Bluno: Deployed
2016-11-22 00:19:44,485 - [INFO] [MainThread] (main:28) Device 78:bd:bc:cf:61:99 (public), RSSI=-80 dB
2016-11-22 00:19:44,486 - [INFO] [MainThread] (main:60) MERGED: defaultdict(<class 'dict'>, {'sn1': {'parrot_addr': 'a0:14:3d:84:1b:34', 'BL_TIMESTAMP': '2016-11-22 00:19:44', 'bluno_addr': 'c4:be:84:28:89:4a', 'PH': None}})
2016-11-22 00:20:58,247 - [INFO] [MainThread] (main:21) Program has started..
2016-11-22 00:20:58,248 - [INFO] [MainThread] (main:24) Scanning for devices...
2016-11-22 00:21:08,270 - [INFO] [MainThread] (main:28) Device a0:14:3d:84:1b:34 (public), RSSI=-36 dB
2016-11-22 00:21:08,272 - [INFO] [MainThread] (main:31) Found device match...
2016-11-22 00:21:08,274 - [INFO] [MainThread] (main:28) Device c4:be:84:28:89:4a (public), RSSI=-54 dB
2016-11-22 00:21:08,275 - [INFO] [MainThread] (main:31) Found device match...
2016-11-22 00:21:08,276 - [INFO] [MainThread] (main:35) Match: BLUNO
2016-11-22 00:21:08,278 - [INFO] [MainThread] (bluno_ble:118) Attempting to connect to sn1_bluno [c4:be:84:28:89:4a]
2016-11-22 00:21:09,426 - [INFO] [MainThread] (bluno_ble:131) Connected.
2016-11-22 00:21:10,434 - [INFO] [MainThread] (bluno_ble:62) Bluno: Deployed
2016-11-22 00:21:11,045 - [INFO] [MainThread] (main:28) Device 78:bd:bc:cf:61:99 (public), RSSI=-83 dB
2016-11-22 00:21:11,047 - [INFO] [MainThread] (main:60) MERGED: defaultdict(<class 'dict'>, {'sn1': {'parrot_addr': 'a0:14:3d:84:1b:34', 'PH': None, 'BL_TIMESTAMP': '2016-11-22 00:21:11', 'bluno_addr': 'c4:be:84:28:89:4a'}})
2016-11-22 00:21:45,136 - [INFO] [MainThread] (main:21) Program has started..
2016-11-22 00:21:45,137 - [INFO] [MainThread] (main:24) Scanning for devices...
2016-11-22 00:21:55,160 - [INFO] [MainThread] (main:28) Device a0:14:3d:84:1b:34 (public), RSSI=-37 dB
2016-11-22 00:21:55,162 - [INFO] [MainThread] (main:31) Found device match...
2016-11-22 00:21:55,162 - [INFO] [MainThread] (main:28) Device c4:be:84:28:89:4a (public), RSSI=-52 dB
2016-11-22 00:21:55,163 - [INFO] [MainThread] (main:31) Found device match...
2016-11-22 00:21:55,164 - [INFO] [MainThread] (main:35) Match: BLUNO
2016-11-22 00:21:55,165 - [INFO] [MainThread] (bluno_ble:118) Attempting to connect to sn1_bluno [c4:be:84:28:89:4a]
2016-11-22 00:21:56,286 - [INFO] [MainThread] (bluno_ble:131) Connected.
2016-11-22 00:21:57,360 - [INFO] [MainThread] (bluno_ble:62) Bluno: Deployed
2016-11-22 00:21:57,905 - [INFO] [MainThread] (main:28) Device 78:bd:bc:cf:61:99 (public), RSSI=-80 dB
2016-11-22 00:21:57,906 - [INFO] [MainThread] (main:60) MERGED: defaultdict(<class 'dict'>, {'sn1': {'bluno_addr': 'c4:be:84:28:89:4a', 'BL_TIMESTAMP': '2016-11-22 00:21:57', 'PH': None, 'parrot_addr': 'a0:14:3d:84:1b:34'}})
2016-11-22 00:25:28,025 - [INFO] [MainThread] (main:21) Program has started..
2016-11-22 00:25:28,027 - [INFO] [MainThread] (main:24) Scanning for devices...
2016-11-22 00:25:38,048 - [INFO] [MainThread] (main:28) Device c4:be:84:28:89:4a (public), RSSI=-48 dB
2016-11-22 00:25:38,050 - [INFO] [MainThread] (main:31) Found device match...
2016-11-22 00:25:38,051 - [INFO] [MainThread] (main:35) Match: BLUNO
2016-11-22 00:25:38,052 - [INFO] [MainThread] (bluno_ble:120) Attempting to connect to sn1_bluno [c4:be:84:28:89:4a]
2016-11-22 00:25:38,870 - [INFO] [MainThread] (bluno_ble:133) Connected.
2016-11-22 00:25:40,282 - [INFO] [MainThread] (bluno_ble:62) Bluno: Deployed
2016-11-22 00:25:41,895 - [INFO] [MainThread] (main:28) Device 78:bd:bc:cf:61:99 (public), RSSI=-79 dB
2016-11-22 00:25:41,897 - [INFO] [MainThread] (main:28) Device a0:14:3d:84:1b:34 (public), RSSI=-38 dB
2016-11-22 00:25:41,898 - [INFO] [MainThread] (main:31) Found device match...
2016-11-22 00:25:41,899 - [INFO] [MainThread] (main:60) MERGED: defaultdict(<class 'dict'>, {'sn1': {'bluno_addr': 'c4:be:84:28:89:4a', 'parrot_addr': 'a0:14:3d:84:1b:34', 'PH': None, 'BL_TIMESTAMP': '2016-11-22 00:25:41'}})
2016-11-22 00:28:08,624 - [INFO] [MainThread] (main:21) Program has started..
2016-11-22 00:28:08,625 - [INFO] [MainThread] (main:24) Scanning for devices...
2016-11-22 00:28:18,640 - [INFO] [MainThread] (main:28) Device c4:be:84:28:89:4a (public), RSSI=-43 dB
2016-11-22 00:28:18,777 - [DEBUG] [MainThread] (main:51) Not connectable at the moment: c4:be:84:28:89:4a
2016-11-22 00:28:18,778 - [INFO] [MainThread] (main:28) Device 78:bd:bc:cf:61:99 (public), RSSI=-76 dB
2016-11-22 00:28:18,779 - [INFO] [MainThread] (main:28) Device a0:14:3d:84:1b:34 (public), RSSI=-45 dB
2016-11-22 00:28:18,781 - [DEBUG] [MainThread] (main:51) Not connectable at the moment: a0:14:3d:84:1b:34
2016-11-22 00:28:18,782 - [INFO] [MainThread] (main:60) MERGED: defaultdict(<class 'dict'>, {'sn1': {'parrot_addr': 'a0:14:3d:84:1b:34', 'bluno_addr': 'c4:be:84:28:89:4a'}})
2016-11-22 00:28:44,619 - [INFO] [MainThread] (main:21) Program has started..
2016-11-22 00:28:44,620 - [INFO] [MainThread] (main:24) Scanning for devices...
2016-11-22 00:28:54,640 - [INFO] [MainThread] (main:28) Device 78:bd:bc:cf:61:99 (public), RSSI=-75 dB
2016-11-22 00:28:54,641 - [INFO] [MainThread] (main:28) Device a0:14:3d:84:1b:34 (public), RSSI=-45 dB
2016-11-22 00:28:54,642 - [DEBUG] [MainThread] (main:51) Not connectable at the moment: a0:14:3d:84:1b:34
2016-11-22 00:28:54,644 - [INFO] [MainThread] (main:28) Device c4:be:84:28:89:4a (public), RSSI=-48 dB
2016-11-22 00:28:54,645 - [INFO] [MainThread] (main:31) Found device match...
2016-11-22 00:28:54,645 - [INFO] [MainThread] (main:35) Match: BLUNO
2016-11-22 00:28:54,647 - [INFO] [MainThread] (bluno_ble:119) Attempting to connect to sn1_bluno [c4:be:84:28:89:4a]
2016-11-22 00:28:55,751 - [INFO] [MainThread] (bluno_ble:132) Connected.
2016-11-22 00:28:57,028 - [INFO] [MainThread] (bluno_ble:62) Bluno: Deployed
2016-11-22 00:31:39,139 - [INFO] [MainThread] (main:21) Program has started..
2016-11-22 00:31:39,140 - [INFO] [MainThread] (main:24) Scanning for devices...
2016-11-22 00:31:49,162 - [INFO] [MainThread] (main:28) Device 78:bd:bc:cf:61:99 (public), RSSI=-75 dB
2016-11-22 00:31:49,164 - [INFO] [MainThread] (main:28) Device c4:be:84:28:89:4a (public), RSSI=-45 dB
2016-11-22 00:31:49,165 - [INFO] [MainThread] (main:31) Found device match...
2016-11-22 00:31:49,165 - [INFO] [MainThread] (main:35) Match: BLUNO
2016-11-22 00:31:49,166 - [INFO] [MainThread] (bluno_ble:116) Attempting to connect to sn1_bluno [c4:be:84:28:89:4a]
2016-11-22 00:31:51,417 - [INFO] [MainThread] (bluno_ble:129) Connected.
2016-11-22 00:31:52,762 - [INFO] [MainThread] (bluno_ble:52) Bluno: Request to undeploy
2016-11-22 00:32:55,541 - [INFO] [MainThread] (main:21) Program has started..
2016-11-22 00:32:55,542 - [INFO] [MainThread] (main:24) Scanning for devices...
2016-11-22 00:33:05,568 - [INFO] [MainThread] (main:28) Device a0:14:3d:84:1b:34 (public), RSSI=-41 dB
2016-11-22 00:33:05,569 - [INFO] [MainThread] (main:31) Found device match...
2016-11-22 00:33:05,570 - [INFO] [MainThread] (main:28) Device 78:bd:bc:cf:61:99 (public), RSSI=-94 dB
2016-11-22 00:33:05,571 - [INFO] [MainThread] (main:28) Device c4:be:84:28:89:4a (public), RSSI=-48 dB
2016-11-22 00:33:05,572 - [INFO] [MainThread] (main:31) Found device match...
2016-11-22 00:33:05,573 - [INFO] [MainThread] (main:35) Match: BLUNO
2016-11-22 00:33:05,574 - [INFO] [MainThread] (bluno_ble:116) Attempting to connect to sn1_bluno [c4:be:84:28:89:4a]
2016-11-22 00:33:07,982 - [INFO] [MainThread] (bluno_ble:129) Connected.
2016-11-22 00:34:12,530 - [INFO] [MainThread] (main:21) Program has started..
2016-11-22 00:34:12,531 - [INFO] [MainThread] (main:24) Scanning for devices...
2016-11-22 00:34:22,553 - [INFO] [MainThread] (main:28) Device 78:bd:bc:cf:61:99 (public), RSSI=-79 dB
2016-11-22 00:34:22,554 - [INFO] [MainThread] (main:28) Device a0:14:3d:84:1b:34 (public), RSSI=-42 dB
2016-11-22 00:34:22,555 - [INFO] [MainThread] (main:31) Found device match...
2016-11-22 00:34:22,556 - [INFO] [MainThread] (main:28) Device c4:be:84:28:89:4a (public), RSSI=-47 dB
2016-11-22 00:34:22,556 - [DEBUG] [MainThread] (main:51) Not connectable at the moment: c4:be:84:28:89:4a
2016-11-22 00:34:22,557 - [INFO] [MainThread] (main:60) MERGED: defaultdict(<class 'dict'>, {'sn1': {'parrot_addr': 'a0:14:3d:84:1b:34', 'bluno_addr': 'c4:be:84:28:89:4a'}})
2016-11-22 00:34:27,512 - [INFO] [MainThread] (main:21) Program has started..
2016-11-22 00:34:27,513 - [INFO] [MainThread] (main:24) Scanning for devices...
2016-11-22 00:34:37,535 - [INFO] [MainThread] (main:28) Device a0:14:3d:84:1b:34 (public), RSSI=-42 dB
2016-11-22 00:34:37,537 - [INFO] [MainThread] (main:31) Found device match...
2016-11-22 00:34:37,539 - [INFO] [MainThread] (main:28) Device c4:be:84:28:89:4a (public), RSSI=-43 dB
2016-11-22 00:34:37,540 - [DEBUG] [MainThread] (main:51) Not connectable at the moment: c4:be:84:28:89:4a
2016-11-22 00:34:37,541 - [INFO] [MainThread] (main:28) Device 78:bd:bc:cf:61:99 (public), RSSI=-83 dB
2016-11-22 00:34:37,543 - [INFO] [MainThread] (main:60) MERGED: defaultdict(<class 'dict'>, {'sn1': {'bluno_addr': 'c4:be:84:28:89:4a', 'parrot_addr': 'a0:14:3d:84:1b:34'}})
2016-11-22 00:34:57,117 - [INFO] [MainThread] (main:21) Program has started..
2016-11-22 00:34:57,117 - [INFO] [MainThread] (main:24) Scanning for devices...
2016-11-22 00:35:07,140 - [INFO] [MainThread] (main:28) Device c4:be:84:28:89:4a (public), RSSI=-44 dB
2016-11-22 00:35:07,141 - [INFO] [MainThread] (main:31) Found device match...
2016-11-22 00:35:07,143 - [INFO] [MainThread] (main:35) Match: BLUNO
2016-11-22 00:35:07,144 - [INFO] [MainThread] (bluno_ble:116) Attempting to connect to sn1_bluno [c4:be:84:28:89:4a]
2016-11-22 00:35:08,688 - [INFO] [MainThread] (bluno_ble:129) Connected.
2016-11-22 00:35:10,168 - [INFO] [MainThread] (bluno_ble:62) Bluno: Deployed
2016-11-22 00:35:12,261 - [INFO] [MainThread] (bluno_ble:66) Bluno: Data Received
2016-11-22 00:35:13,813 - [INFO] [MainThread] (bluno_ble:66) Bluno: Data Received
2016-11-22 00:35:15,366 - [INFO] [MainThread] (bluno_ble:66) Bluno: Data Received
2016-11-22 00:35:16,851 - [INFO] [MainThread] (bluno_ble:66) Bluno: Data Received
2016-11-22 00:35:18,403 - [INFO] [MainThread] (bluno_ble:66) Bluno: Data Received
2016-11-22 00:35:19,956 - [INFO] [MainThread] (bluno_ble:66) Bluno: Data Received
2016-11-22 00:35:21,441 - [INFO] [MainThread] (bluno_ble:66) Bluno: Data Received
2016-11-22 00:35:22,993 - [INFO] [MainThread] (bluno_ble:66) Bluno: Data Received
2016-11-22 00:35:24,546 - [INFO] [MainThread] (bluno_ble:66) Bluno: Data Received
2016-11-22 00:35:26,031 - [INFO] [MainThread] (bluno_ble:66) Bluno: Data Received
2016-11-22 00:35:27,583 - [INFO] [MainThread] (bluno_ble:66) Bluno: Data Received
2016-11-22 00:35:29,136 - [INFO] [MainThread] (bluno_ble:66) Bluno: Data Received
2016-11-22 00:35:30,688 - [INFO] [MainThread] (bluno_ble:66) Bluno: Data Received
2016-11-22 00:35:44,628 - [INFO] [MainThread] (main:21) Program has started..
2016-11-22 00:35:44,629 - [INFO] [MainThread] (main:24) Scanning for devices...
2016-11-22 00:35:54,657 - [INFO] [MainThread] (main:28) Device 78:bd:bc:cf:61:99 (public), RSSI=-82 dB
2016-11-22 00:35:54,658 - [INFO] [MainThread] (main:28) Device c4:be:84:28:89:4a (public), RSSI=-40 dB
2016-11-22 00:35:54,659 - [INFO] [MainThread] (main:31) Found device match...
2016-11-22 00:35:54,660 - [INFO] [MainThread] (main:35) Match: BLUNO
2016-11-22 00:35:54,661 - [INFO] [MainThread] (bluno_ble:116) Attempting to connect to sn1_bluno [c4:be:84:28:89:4a]
2016-11-22 00:35:57,200 - [INFO] [MainThread] (bluno_ble:129) Connected.
2016-11-22 00:35:58,410 - [INFO] [MainThread] (bluno_ble:52) Bluno: Request to undeploy
2016-11-22 00:35:59,491 - [INFO] [MainThread] (bluno_ble:59) Bluno: Undeployed
